2024-08-06 11:10:34.642  INFO 4208 --- [main] com.qiwenshare.file.FileApplication      : Starting FileApplication using Java 1.8.0_312 on DESKTOP-OQ9U68C with PID 4208 (D:\workspace-mine\qiwen-file\target\classes started by uxiah in D:\workspace-mine\qiwen-file)
2024-08-06 11:10:34.644  INFO 4208 --- [main] com.qiwenshare.file.FileApplication      : The following 1 profile is active: "dev"
2024-08-06 11:10:35.418  INFO 4208 --- [main] .s.d.r.c.RepositoryConfigurationDelegate : Multiple Spring Data modules found, entering strict repository configuration mode
2024-08-06 11:10:35.418  INFO 4208 --- [main] .s.d.r.c.RepositoryConfigurationDelegate : Bootstrapping Spring Data JPA repositories in DEFAULT mode.
2024-08-06 11:10:35.446  INFO 4208 --- [main] .s.d.r.c.RepositoryConfigurationDelegate : Finished Spring Data repository scanning in 21 ms. Found 0 JPA repository interfaces.
2024-08-06 11:10:35.462  INFO 4208 --- [main] .s.d.r.c.RepositoryConfigurationDelegate : Multiple Spring Data modules found, entering strict repository configuration mode
2024-08-06 11:10:35.463  INFO 4208 --- [main] .s.d.r.c.RepositoryConfigurationDelegate : Bootstrapping Spring Data Redis repositories in DEFAULT mode.
2024-08-06 11:10:35.480  INFO 4208 --- [main] .s.d.r.c.RepositoryConfigurationDelegate : Finished Spring Data repository scanning in 10 ms. Found 0 Redis repository interfaces.
2024-08-06 11:10:36.104  INFO 4208 --- [main] o.s.b.w.embedded.tomcat.TomcatWebServer  : Tomcat initialized with port(s): 8080 (http)
2024-08-06 11:10:36.112  INFO 4208 --- [main] o.apache.catalina.core.StandardService   : Starting service [Tomcat]
2024-08-06 11:10:36.112  INFO 4208 --- [main] org.apache.catalina.core.StandardEngine  : Starting Servlet engine: [Apache Tomcat/9.0.65]
2024-08-06 11:10:36.241  INFO 4208 --- [main] o.a.c.c.C.[Tomcat].[localhost].[/]       : Initializing Spring embedded WebApplicationContext
2024-08-06 11:10:36.241  INFO 4208 --- [main] w.s.c.ServletWebServerApplicationContext : Root WebApplicationContext: initialization completed in 1553 ms
2024-08-06 11:10:39.130  INFO 4208 --- [main] o.hibernate.jpa.internal.util.LogHelper  : HHH000204: Processing PersistenceUnitInfo [name: default]
2024-08-06 11:10:39.167  INFO 4208 --- [main] org.hibernate.Version                    : HHH000412: Hibernate ORM core version 5.6.10.Final
2024-08-06 11:10:39.276  INFO 4208 --- [main] o.hibernate.annotations.common.Version   : HCANN000001: Hibernate Commons Annotations {5.1.2.Final}
2024-08-06 11:10:39.350  INFO 4208 --- [main] com.zaxxer.hikari.HikariDataSource       : HikariPool-1 - Starting...
2024-08-06 11:10:39.577  INFO 4208 --- [main] com.zaxxer.hikari.HikariDataSource       : HikariPool-1 - Start completed.
2024-08-06 11:10:39.586  INFO 4208 --- [main] org.hibernate.dialect.Dialect            : HHH000400: Using dialect: org.hibernate.dialect.MySQL8Dialect
2024-08-06 11:10:40.618  INFO 4208 --- [main] o.h.e.t.j.p.i.JtaPlatformInitiator       : HHH000490: Using JtaPlatform implementation: [org.hibernate.engine.transaction.jta.platform.internal.NoJtaPlatform]
2024-08-06 11:10:40.626  INFO 4208 --- [main] j.LocalContainerEntityManagerFactoryBean : Initialized JPA EntityManagerFactory for persistence unit 'default'
2024-08-06 11:10:41.320  WARN 4208 --- [main] JpaBaseConfiguration$JpaWebConfiguration : spring.jpa.open-in-view is enabled by default. Therefore, database queries may be performed during view rendering. Explicitly configure spring.jpa.open-in-view to disable this warning
2024-08-06 11:10:42.658  INFO 4208 --- [main] o.s.s.web.DefaultSecurityFilterChain     : Will secure any request with [org.springframework.security.web.session.DisableEncodeUrlFilter@5e781b4f, org.springframework.security.web.context.request.async.WebAsyncManagerIntegrationFilter@1b89debc, org.springframework.security.web.context.SecurityContextPersistenceFilter@2d6e09f0, org.springframework.security.web.header.HeaderWriterFilter@5101b9, org.springframework.security.web.authentication.logout.LogoutFilter@321c01c2, com.qiwenshare.file.config.security.filter.JwtAuthenticationTokenFilter@7135ce0a, org.springframework.security.web.savedrequest.RequestCacheAwareFilter@21f421b8, org.springframework.security.web.servletapi.SecurityContextHolderAwareRequestFilter@5643052d, org.springframework.security.web.authentication.AnonymousAuthenticationFilter@7305191e, org.springframework.security.web.session.SessionManagementFilter@af04d6d, org.springframework.security.web.access.ExceptionTranslationFilter@533690d, org.springframework.security.web.access.intercept.FilterSecurityInterceptor@694dc99b]
2024-08-06 11:10:42.747  INFO 4208 --- [main] o.s.b.w.embedded.tomcat.TomcatWebServer  : Tomcat started on port(s): 8080 (http) with context path ''
2024-08-06 11:10:42.763  INFO 4208 --- [main] com.qiwenshare.file.FileApplication      : Started FileApplication in 8.421 seconds (JVM running for 10.472)
2024-08-06 11:14:48.839  INFO 4208 --- [http-nio-8080-exec-2] o.a.c.c.C.[Tomcat].[localhost].[/]       : Initializing Spring DispatcherServlet 'dispatcherServlet'
2024-08-06 11:14:48.839  INFO 4208 --- [http-nio-8080-exec-2] o.s.web.servlet.DispatcherServlet        : Initializing Servlet 'dispatcherServlet'
2024-08-06 11:14:48.841  INFO 4208 --- [http-nio-8080-exec-2] o.s.web.servlet.DispatcherServlet        : Completed initialization in 2 ms
2024-08-06 11:14:48.998 ERROR 4208 --- [http-nio-8080-exec-2] com.qiwenshare.file.service.UserService  : 解码异常:io.jsonwebtoken.MalformedJwtException: JWT strings must contain exactly 2 period characters. Found: 0
2024-08-06 11:14:53.867 ERROR 4208 --- [http-nio-8080-exec-4] com.qiwenshare.file.service.UserService  : 解码异常:io.jsonwebtoken.MalformedJwtException: JWT strings must contain exactly 2 period characters. Found: 0
2024-08-06 11:14:54.189 ERROR 4208 --- [http-nio-8080-exec-5] com.qiwenshare.file.service.UserService  : 解码异常:io.jsonwebtoken.MalformedJwtException: JWT strings must contain exactly 2 period characters. Found: 0
2024-08-06 11:14:56.040 ERROR 4208 --- [http-nio-8080-exec-6] com.qiwenshare.file.service.UserService  : 解码异常:io.jsonwebtoken.MalformedJwtException: JWT strings must contain exactly 2 period characters. Found: 0
2024-08-06 11:14:56.390 ERROR 4208 --- [http-nio-8080-exec-7] com.qiwenshare.file.service.UserService  : 解码异常:io.jsonwebtoken.MalformedJwtException: JWT strings must contain exactly 2 period characters. Found: 0
2024-08-06 11:14:56.928 ERROR 4208 --- [http-nio-8080-exec-8] com.qiwenshare.file.service.UserService  : 解码异常:io.jsonwebtoken.MalformedJwtException: JWT strings must contain exactly 2 period characters. Found: 0
2024-08-06 11:14:58.201 ERROR 4208 --- [http-nio-8080-exec-9] com.qiwenshare.file.service.UserService  : 解码异常:io.jsonwebtoken.MalformedJwtException: JWT strings must contain exactly 2 period characters. Found: 0
